<?xml version="1.0" encoding="UTF-8"?>
<beans xmlns="http://www.springframework.org/schema/beans"
		xmlns:xsi="http://www.w3.org/2001/XMLSchema-instance"
	    xmlns:mvc="http://www.springframework.org/schema/mvc"
		xmlns:p="http://www.springframework.org/schema/p"
		xmlns:util="http://www.springframework.org/schema/util"
		xmlns:context="http://www.springframework.org/schema/context"
		xsi:schemaLocation="
		  http://www.springframework.org/schema/beans
		  http://www.springframework.org/schema/beans/spring-beans-3.0.xsd
		  http://www.springframework.org/schema/context  
		  http://www.springframework.org/schema/context/spring-context-3.0.xsd
		  http://www.springframework.org/schema/util
          http://www.springframework.org/schema/util/spring-util.xsd
          http://www.springframework.org/schema/aop
          http://www.springframework.org/schema/aop/spring-aop.xsd
          http://www.springframework.org/schema/mvc
          http://www.springframework.org/schema/mvc/spring-mvc-3.0.xsd">
          
	<context:component-scan base-package="com.mfoyou.task.center.**" /> 
	
    <import resource="classpath:dubbo-client.xml" />
      
	<util:properties id="settings" location="classpath:system.properties" />
	<context:property-placeholder location="classpath:SystemContext.properties" />
	<context:component-scan base-package="org.springframework.data.redis.samples" />
	

	<bean id="redisCacheManger" class="com.mfoyou.task.center.service.RedisCacheManger">
		<property name="pool" ref="shardedJedisPool" />
	</bean>
	<!-- jedis 连接池配置 -->
	<bean id="jedisPoolConfig" class="redis.clients.jedis.JedisPoolConfig">
		<property name="maxTotal" value="${redis.pool.maxActive}" />
		<property name="maxIdle" value="${redis.pool.maxIdle}" />
		<property name="maxWaitMillis" value="${redis.pool.maxWait}" />
		<property name="testOnBorrow" value="${redis.pool.testOnBorrow}" />
	</bean>

	<bean id="jedisShardInfo" class="redis.clients.jedis.JedisShardInfo">
		<constructor-arg index="0" value="${redis.ip}" />
		<constructor-arg index="1" value="${redis.port}" type="int" />
		<property name="password" value="${redis.pass}" />
	</bean>

	<bean id="shardedJedisPool" class="redis.clients.jedis.ShardedJedisPool">
		<constructor-arg index="0" ref="jedisPoolConfig" />
		<constructor-arg index="1">
			<list>
				<ref bean="jedisShardInfo" />
			</list>
		</constructor-arg>
	</bean>

</beans>